<?xml version="1.0" encoding="UTF-8"?>
<!-- Generated by org.testng.reporters.JUnitReportReporter -->
<testsuite hostname="DESKTOP-5ULTKRG" failures="0" tests="2" name="testCases.TC001_AccountRegistrationTest" time="13.528" errors="0" timestamp="2026-06-25T16:13:11 IST" skipped="0">
  <testcase classname="testCases.TC001_AccountRegistrationTest" name="verify_account_registration" time="6.803"/>
  <testcase classname="testCases.TC001_AccountRegistrationTest" name="verify_account_registration" time="6.725"/>
</testsuite> <!-- testCases.TC001_AccountRegistrationTest -->
