<?xml version="1.0" encoding="UTF-8"?>
<!-- Generated by org.testng.reporters.JUnitReportReporter -->
<testsuite hostname="DESKTOP-5ULTKRG" failures="0" tests="2" name="testCases.TC001_AccountRegistrationTest" time="13.363" errors="0" timestamp="2026-06-17T19:52:00 IST" skipped="0">
  <testcase classname="testCases.TC001_AccountRegistrationTest" name="verify_account_registration" time="6.969"/>
  <testcase classname="testCases.TC001_AccountRegistrationTest" name="verify_account_registration" time="6.394"/>
</testsuite> <!-- testCases.TC001_AccountRegistrationTest -->
